<?xml version="1.0" encoding="UTF-8"?>
<!-- Generated by org.testng.reporters.JUnitXMLReporter -->
<testsuite ignored="0" hostname="5CG936BLSS" failures="0" tests="4" name="Car Loan" time="0.01" errors="0" timestamp="2021-08-20T09:47:12 IST">
  <testcase classname="Demo.Test3_Logins" name="LoginAPI" time="0.001"/>
  <testcase classname="Demo.Test3_Logins" name="MobileLogin" time="0.001"/>
  <testcase classname="Demo.Test3_Logins" name="MobileLoginNew" time="0.001"/>
  <testcase classname="Demo.Test3_Logins" name="WebLogin" time="0.001"/>
</testsuite> <!-- Car Loan -->
