<?xml version="1.0" encoding="UTF-8"?>
<!-- Generated by org.testng.reporters.JUnitXMLReporter -->
<testsuite ignored="0" hostname="5CG936BLSS" failures="1" tests="9" name="Personal Loan" time="0.052" errors="0" timestamp="2021-08-20T09:47:12 IST">
  <testcase classname="Demo.Test1" name="Demo" time="0.003"/>
  <testcase classname="Demo.Test1" name="SecondTest" time="0.001"/>
  <testcase classname="Demo.Test2" name="Demo2" time="0.003">
    <failure type="java.lang.AssertionError" message="expected [true] but found [false]">
      <![CDATA[java.lang.AssertionError: expected [true] but found [false]
at Demo.Test2.Demo2(Test2.java:14)
at java.base/java.util.ArrayList.forEach(ArrayList.java:1511)
... Removed 31 stack frames]]>
    </failure>
  </testcase> <!-- Demo2 -->
  <testcase classname="Demo.Test2" name="Demo3" time="0.001"/>
  <testcase classname="Demo.Test2" name="Demo3" time="0.001"/>
  <testcase classname="Demo.Test2" name="Demo3" time="0.001"/>
  <testcase classname="Demo.Test4_Logins" name="MobileLoginHomeLoan" time="0.001"/>
  <testcase classname="Demo.Test4_Logins" name="WebLoginHomeLoan" time="0.001"/>
  <testcase classname="Demo.Test4_Logins" name="LoginAPIHomeLoan" time="0.002"/>
</testsuite> <!-- Personal Loan -->
